<?xml version="1.0" encoding="UTF-8"?>
<!-- Generated by org.testng.reporters.JUnitReportReporter -->
<testsuite hostname="lgvn13460" name="DashboardTest.ThanhLe" tests="2" failures="0" timestamp="28 Apr 2016 06:45:20 GMT" time="0.010" errors="0">
  <testcase name="Find_Highest_Product" time="0.010" classname="DashboardTest.ThanhLe"/>
  <testcase name="Get_ProductsOfAllIntsExceptAtIndex" time="0.000" classname="DashboardTest.ThanhLe"/>
</testsuite> <!-- DashboardTest.ThanhLe -->
