<?xml version="1.0" encoding="UTF-8"?>
<!-- Generated by org.testng.reporters.JUnitReportReporter -->
<testsuite hostname="lgvn13460" name="DashboardTest.LoginTest" tests="10" failures="0" timestamp="5 May 2016 11:39:58 GMT" time="973.908" errors="0">
  <testcase name="Login8" time="75.202" classname="DashboardTest.LoginTest"/>
  <testcase name="Login7" time="184.011" classname="DashboardTest.LoginTest"/>
  <testcase name="Login9" time="107.986" classname="DashboardTest.LoginTest"/>
  <testcase name="Login3" time="58.248" classname="DashboardTest.LoginTest"/>
  <testcase name="Login10" time="153.149" classname="DashboardTest.LoginTest"/>
  <testcase name="Login4" time="97.820" classname="DashboardTest.LoginTest"/>
  <testcase name="Login6" time="86.914" classname="DashboardTest.LoginTest"/>
  <testcase name="Login5" time="99.527" classname="DashboardTest.LoginTest"/>
  <testcase name="Login2" time="88.503" classname="DashboardTest.LoginTest"/>
  <testcase name="Login1" time="22.548" classname="DashboardTest.LoginTest"/>
</testsuite> <!-- DashboardTest.LoginTest -->
