<?xml version="1.0" encoding="UTF-8"?>
<!-- Generated by org.testng.reporters.JUnitReportReporter -->
<testsuite hostname="lgvn13460" name="Vietcombank.VietcombankTest" tests="1" failures="0" timestamp="17 May 2016 08:12:14 GMT" time="12.597" errors="0">
  <testcase name="Testcase_01" time="12.597" classname="Vietcombank.VietcombankTest"/>
</testsuite> <!-- Vietcombank.VietcombankTest -->
