<?xml version="1.0" encoding="UTF-8"?>
<!-- Generated by org.testng.reporters.JUnitReportReporter -->
<testsuite hostname="lgvn13460" name="DashboardTest.LoginTest" tests="10" failures="0" timestamp="6 May 2016 10:29:50 GMT" time="562.401" errors="0">
  <testcase name="Login4" time="62.108" classname="DashboardTest.LoginTest"/>
  <testcase name="Login8" time="61.214" classname="DashboardTest.LoginTest"/>
  <testcase name="Login9" time="69.885" classname="DashboardTest.LoginTest"/>
  <testcase name="Login7" time="56.307" classname="DashboardTest.LoginTest"/>
  <testcase name="Login1" time="53.405" classname="DashboardTest.LoginTest"/>
  <testcase name="Login6" time="46.471" classname="DashboardTest.LoginTest"/>
  <testcase name="Login2" time="62.828" classname="DashboardTest.LoginTest"/>
  <testcase name="Login3" time="43.384" classname="DashboardTest.LoginTest"/>
  <testcase name="Login10" time="58.691" classname="DashboardTest.LoginTest"/>
  <testcase name="Login5" time="48.108" classname="DashboardTest.LoginTest"/>
</testsuite> <!-- DashboardTest.LoginTest -->
