<?xml version="1.0" encoding="UTF-8"?>
<!-- Generated by org.testng.reporters.JUnitReportReporter -->
<testsuite hostname="lgvn13460" name="DashboardTest.LoginTest" tests="1" failures="0" timestamp="9 May 2016 06:44:19 GMT" time="28.548" errors="0">
  <testcase name="Login1" time="28.548" classname="DashboardTest.LoginTest"/>
</testsuite> <!-- DashboardTest.LoginTest -->
